<?xml version="1.0" encoding="UTF-8"?>
<!-- Generated by org.testng.reporters.JUnitReportReporter -->
<testsuite hostname="Renu" failures="0" tests="1" name="zoho.runner.MyRunner" time="18.322" errors="0" timestamp="2022-02-19T22:58:47 IST" skipped="0">
  <testcase classname="zoho.runner.MyRunner" name="runScenario" time="18.322"/>
  <system-out/>
</testsuite> <!-- zoho.runner.MyRunner -->
